/home/akshansh/.local/lib/python3.10/site-packages/pydantic/_internal/_config.py:334: UserWarning: Valid config keys have changed in V2:
* 'orm_mode' has been renamed to 'from_attributes'
  warnings.warn(message, UserWarning)
Traceback (most recent call last):
  File "/home/akshansh/.local/lib/python3.10/site-packages/pydantic/networks.py", line 381, in import_email_validator
    import email_validator
ModuleNotFoundError: No module named 'email_validator'

The above exception was the direct cause of the following exception:

Traceback (most recent call last):
  File "/home/akshansh/.local/bin/uvicorn", line 7, in <module>
    sys.exit(main())
  File "/home/akshansh/.local/lib/python3.10/site-packages/click/core.py", line 1485, in __call__
    return self.main(*args, **kwargs)
  File "/home/akshansh/.local/lib/python3.10/site-packages/click/core.py", line 1406, in main
    rv = self.invoke(ctx)
  File "/home/akshansh/.local/lib/python3.10/site-packages/click/core.py", line 1269, in invoke
    return ctx.invoke(self.callback, **ctx.params)
  File "/home/akshansh/.local/lib/python3.10/site-packages/click/core.py", line 824, in invoke
    return callback(*args, **kwargs)
  File "/home/akshansh/.local/lib/python3.10/site-packages/uvicorn/main.py", line 409, in main
    run(
  File "/home/akshansh/.local/lib/python3.10/site-packages/uvicorn/main.py", line 575, in run
    server.run()
  File "/home/akshansh/.local/lib/python3.10/site-packages/uvicorn/server.py", line 65, in run
    return asyncio.run(self.serve(sockets=sockets))
  File "/usr/lib/python3.10/asyncio/runners.py", line 44, in run
    return loop.run_until_complete(main)
  File "/usr/lib/python3.10/asyncio/base_events.py", line 649, in run_until_complete
    return future.result()
  File "/home/akshansh/.local/lib/python3.10/site-packages/uvicorn/server.py", line 69, in serve
    await self._serve(sockets)
  File "/home/akshansh/.local/lib/python3.10/site-packages/uvicorn/server.py", line 76, in _serve
    config.load()
  File "/home/akshansh/.local/lib/python3.10/site-packages/uvicorn/config.py", line 433, in load
    self.loaded_app = import_from_string(self.app)
  File "/home/akshansh/.local/lib/python3.10/site-packages/uvicorn/importer.py", line 19, in import_from_string
    module = importlib.import_module(module_str)
  File "/usr/lib/python3.10/importlib/__init__.py", line 126, in import_module
    return _bootstrap._gcd_import(name[level:], package, level)
  File "<frozen importlib._bootstrap>", line 1050, in _gcd_import
  File "<frozen importlib._bootstrap>", line 1027, in _find_and_load
  File "<frozen importlib._bootstrap>", line 1006, in _find_and_load_unlocked
  File "<frozen importlib._bootstrap>", line 688, in _load_unlocked
  File "<frozen importlib._bootstrap_external>", line 883, in exec_module
  File "<frozen importlib._bootstrap>", line 241, in _call_with_frames_removed
  File "/home/akshansh/sangwari-ai/aiLayer/AI layer creation/backend/main.py", line 5, in <module>
    import schemas
  File "/home/akshansh/sangwari-ai/aiLayer/AI layer creation/backend/schemas.py", line 135, in <module>
    class OperatorCreate(BaseModel):
  File "/home/akshansh/.local/lib/python3.10/site-packages/pydantic/_internal/_model_construction.py", line 202, in __new__
    complete_model_class(
  File "/home/akshansh/.local/lib/python3.10/site-packages/pydantic/_internal/_model_construction.py", line 539, in complete_model_class
    schema = cls.__get_pydantic_core_schema__(cls, handler)
  File "/home/akshansh/.local/lib/python3.10/site-packages/pydantic/main.py", line 607, in __get_pydantic_core_schema__
    return handler(source)
  File "/home/akshansh/.local/lib/python3.10/site-packages/pydantic/_internal/_schema_generation_shared.py", line 82, in __call__
    schema = self._handler(source_type)
  File "/home/akshansh/.local/lib/python3.10/site-packages/pydantic/_internal/_generate_schema.py", line 499, in generate_schema
    schema = self._generate_schema_inner(obj)
  File "/home/akshansh/.local/lib/python3.10/site-packages/pydantic/_internal/_generate_schema.py", line 750, in _generate_schema_inner
    return self._model_schema(obj)
  File "/home/akshansh/.local/lib/python3.10/site-packages/pydantic/_internal/_generate_schema.py", line 577, in _model_schema
    {k: self._generate_md_field_schema(k, v, decorators) for k, v in fields.items()},
  File "/home/akshansh/.local/lib/python3.10/site-packages/pydantic/_internal/_generate_schema.py", line 577, in <dictcomp>
    {k: self._generate_md_field_schema(k, v, decorators) for k, v in fields.items()},
  File "/home/akshansh/.local/lib/python3.10/site-packages/pydantic/_internal/_generate_schema.py", line 913, in _generate_md_field_schema
    common_field = self._common_field_schema(name, field_info, decorators)
  File "/home/akshansh/.local/lib/python3.10/site-packages/pydantic/_internal/_generate_schema.py", line 1078, in _common_field_schema
    schema = self._apply_annotations(
  File "/home/akshansh/.local/lib/python3.10/site-packages/pydantic/_internal/_generate_schema.py", line 1817, in _apply_annotations
    schema = get_inner_schema(source_type)
  File "/home/akshansh/.local/lib/python3.10/site-packages/pydantic/_internal/_schema_generation_shared.py", line 82, in __call__
    schema = self._handler(source_type)
  File "/home/akshansh/.local/lib/python3.10/site-packages/pydantic/_internal/_generate_schema.py", line 1796, in inner_handler
    from_property = self._generate_schema_from_property(obj, obj)
  File "/home/akshansh/.local/lib/python3.10/site-packages/pydantic/_internal/_generate_schema.py", line 645, in _generate_schema_from_property
    schema = get_schema(
  File "/home/akshansh/.local/lib/python3.10/site-packages/pydantic/networks.py", line 421, in __get_pydantic_core_schema__
    import_email_validator()
  File "/home/akshansh/.local/lib/python3.10/site-packages/pydantic/networks.py", line 383, in import_email_validator
    raise ImportError('email-validator is not installed, run `pip install pydantic[email]`') from e
ImportError: email-validator is not installed, run `pip install pydantic[email]`
